{
  "RSpec": {
    "coverage": {
      "/Users/johncato/Documents/blog_site/config/environment.rb": [
        null,
        1,
        null,
        null,
        1
      ],
      "/Users/johncato/Documents/blog_site/config/application.rb": [
        1,
        null,
        1,
        null,
        null,
        null,
        1,
        null,
        1,
        1,
        null,
        1,
        null,
        null,
        null,
        null,
        null,
        null,
        1,
        1,
        null,
        null,
        null,
        null,
        null,
        null,
        null
      ],
      "/Users/johncato/Documents/blog_site/config/boot.rb": [
        1,
        null,
        1,
        1
      ],
      "/Users/johncato/Documents/blog_site/config/environments/test.rb": [
        1,
        null,
        null,
        null,
        null,
        null,
        null,
        1,
        null,
        null,
        null,
        null,
        1,
        null,
        null,
        1,
        1,
        null,
        null,
        null,
        null,
        1,
        1,
        null,
        null,
        1,
        null,
        null,
        1,
        null,
        null,
        1,
        null,
        1,
        null,
        null,
        null,
        null,
        1,
        null,
        null,
        1,
        null,
        null,
        null,
        null
      ],
      "/Users/johncato/Documents/blog_site/config/initializers/application_controller_renderer.rb": [
        null,
        null,
        null,
        null,
        null,
        null,
        null,
        null
      ],
      "/Users/johncato/Documents/blog_site/config/initializers/assets.rb": [
        null,
        null,
        null,
        1,
        null,
        null,
        null,
        null,
        1,
        null,
        null,
        null,
        null,
        null
      ],
      "/Users/johncato/Documents/blog_site/config/initializers/backtrace_silencers.rb": [
        null,
        null,
        null,
        null,
        null,
        null,
        null
      ],
      "/Users/johncato/Documents/blog_site/config/initializers/content_security_policy.rb": [
        null,
        null,
        null,
        null,
        null,
        null,
        null,
        null,
        null,
        null,
        null,
        null,
        null,
        null,
        null,
        null,
        null,
        null,
        null,
        null,
        null,
        null,
        null,
        null,
        null
      ],
      "/Users/johncato/Documents/blog_site/config/initializers/cookies_serializer.rb": [
        null,
        null,
        null,
        null,
        1
      ],
      "/Users/johncato/Documents/blog_site/config/initializers/filter_parameter_logging.rb": [
        null,
        null,
        null,
        1
      ],
      "/Users/johncato/Documents/blog_site/config/initializers/inflections.rb": [
        null,
        null,
        null,
        null,
        null,
        null,
        null,
        null,
        null,
        null,
        null,
        null,
        null,
        null,
        null,
        null
      ],
      "/Users/johncato/Documents/blog_site/config/initializers/mime_types.rb": [
        null,
        null,
        null,
        null
      ],
      "/Users/johncato/Documents/blog_site/config/initializers/wrap_parameters.rb": [
        null,
        null,
        null,
        null,
        null,
        null,
        1,
        2,
        null,
        null,
        null,
        null,
        null,
        null
      ],
      "/Users/johncato/Documents/blog_site/spec/factories/posts.rb": [
        1,
        1,
        1,
        1,
        null,
        null
      ],
      "/Users/johncato/Documents/blog_site/config/routes.rb": [
        1,
        1,
        1,
        null
      ],
      "/Users/johncato/Documents/blog_site/app/helpers/application_helper.rb": [
        1,
        null
      ],
      "/Users/johncato/Documents/blog_site/app/helpers/posts_helper.rb": [
        1,
        null
      ],
      "/Users/johncato/Documents/blog_site/spec/support/factory_bot.rb": [
        1,
        1,
        null
      ],
      "/Users/johncato/Documents/blog_site/app/controllers/posts_controller.rb": [
        1,
        1,
        1,
        null,
        null,
        1,
        1,
        null,
        null,
        1,
        0,
        0,
        0,
        0,
        null,
        0,
        0,
        null,
        null,
        null,
        1,
        1,
        null,
        null,
        1,
        1,
        1,
        1,
        null,
        0,
        null,
        null,
        null,
        1,
        null,
        1,
        1,
        null,
        null
      ],
      "/Users/johncato/Documents/blog_site/app/controllers/application_controller.rb": [
        1,
        null
      ],
      "/Users/johncato/Documents/blog_site/app/models/post.rb": [
        null,
        null,
        null,
        null,
        null,
        null,
        null,
        null,
        null,
        null,
        null,
        null,
        null,
        null,
        1,
        1,
        null
      ],
      "/Users/johncato/Documents/blog_site/app/models/application_record.rb": [
        1,
        1,
        null
      ]
    },
    "timestamp": 1576117771
  }
}
